<?xml version="1.0" encoding="UTF-8"?>
<testsuite name="com.meli.challmeli.rest.CoinInfoRestTest" tests="1" skipped="0" failures="0" errors="0" timestamp="2022-04-11T00:57:39" hostname="ANAVEGA" time="0.363">
  <properties/>
  <testcase name="countryInfoCompleteSuccess()" classname="com.meli.challmeli.rest.CoinInfoRestTest" time="0.363"/>
  <system-out><![CDATA[2022-04-10 19:57:38.895  INFO 18312 --- [    Test worker] o.s.t.c.support.AbstractContextLoader    : Could not detect default resource locations for test class [com.meli.challmeli.rest.CoinInfoRestTest]: no resource found for suffixes {-context.xml, Context.groovy}.
2022-04-10 19:57:38.903  INFO 18312 --- [    Test worker] .b.t.c.SpringBootTestContextBootstrapper : Loaded default TestExecutionListener class names from location [META-INF/spring.factories]: [org.springframework.boot.test.autoconfigure.restdocs.RestDocsTestExecutionListener, org.springframework.boot.test.autoconfigure.web.client.MockRestServiceServerResetTestExecutionListener, org.springframework.boot.test.autoconfigure.web.servlet.MockMvcPrintOnlyOnFailureTestExecutionListener, org.springframework.boot.test.autoconfigure.web.servlet.WebDriverTestExecutionListener, org.springframework.boot.test.autoconfigure.webservices.client.MockWebServiceServerTestExecutionListener, org.springframework.boot.test.mock.mockito.MockitoTestExecutionListener, org.springframework.boot.test.mock.mockito.ResetMocksTestExecutionListener, org.springframework.test.context.web.ServletTestExecutionListener, org.springframework.test.context.support.DirtiesContextBeforeModesTestExecutionListener, org.springframework.test.context.event.ApplicationEventsTestExecutionListener, org.springframework.test.context.support.DependencyInjectionTestExecutionListener, org.springframework.test.context.support.DirtiesContextTestExecutionListener, org.springframework.test.context.transaction.TransactionalTestExecutionListener, org.springframework.test.context.jdbc.SqlScriptsTestExecutionListener, org.springframework.test.context.event.EventPublishingTestExecutionListener]
2022-04-10 19:57:38.905  INFO 18312 --- [    Test worker] .b.t.c.SpringBootTestContextBootstrapper : Using TestExecutionListeners: [org.springframework.test.context.web.ServletTestExecutionListener@157e0f6b, org.springframework.test.context.support.DirtiesContextBeforeModesTestExecutionListener@2da3d7d3, org.springframework.test.context.event.ApplicationEventsTestExecutionListener@1f832df0, org.springframework.boot.test.mock.mockito.MockitoTestExecutionListener@47184859, org.springframework.boot.test.autoconfigure.SpringBootDependencyInjectionTestExecutionListener@22781286, org.springframework.test.context.support.DirtiesContextTestExecutionListener@11564455, org.springframework.test.context.transaction.TransactionalTestExecutionListener@173c0722, org.springframework.test.context.jdbc.SqlScriptsTestExecutionListener@12e3cf1c, org.springframework.test.context.event.EventPublishingTestExecutionListener@70ed03e4, org.springframework.boot.test.autoconfigure.restdocs.RestDocsTestExecutionListener@533a8540, org.springframework.boot.test.autoconfigure.web.client.MockRestServiceServerResetTestExecutionListener@24489d12, org.springframework.boot.test.autoconfigure.web.servlet.MockMvcPrintOnlyOnFailureTestExecutionListener@28df2da8, org.springframework.boot.test.autoconfigure.web.servlet.WebDriverTestExecutionListener@30b5f974, org.springframework.boot.test.autoconfigure.webservices.client.MockWebServiceServerTestExecutionListener@37227aa7, org.springframework.boot.test.mock.mockito.ResetMocksTestExecutionListener@57e2d15c]

  .   ____          _            __ _ _
 /\\ / ___'_ __ _ _(_)_ __  __ _ \ \ \ \
( ( )\___ | '_ | '_| | '_ \/ _` | \ \ \ \
 \\/  ___)| |_)| | | | | || (_| |  ) ) ) )
  '  |____| .__|_| |_|_| |_\__, | / / / /
 =========|_|==============|___/=/_/_/_/
 :: Spring Boot ::                (v2.6.6)

2022-04-10 19:57:38.975  WARN 18312 --- [    Test worker] ory$DuplicateJsonObjectContextCustomizer : 

Found multiple occurrences of org.json.JSONObject on the class path:

	jar:file:/C:/Users/Ana-Vega/.gradle/caches/modules-2/files-2.1/org.json/json/20171018/36ced462c97f0845b4a7b266a25cebe95d18baa3/json-20171018.jar!/org/json/JSONObject.class
	jar:file:/C:/Users/Ana-Vega/.gradle/caches/modules-2/files-2.1/com.vaadin.external.google/android-json/0.0.20131108.vaadin1/fa26d351fe62a6a17f5cda1287c1c6110dec413f/android-json-0.0.20131108.vaadin1.jar!/org/json/JSONObject.class

You may wish to exclude one of them to ensure predictable runtime behavior

2022-04-10 19:57:38.979  INFO 18312 --- [    Test worker] c.meli.challmeli.rest.CoinInfoRestTest   : Starting CoinInfoRestTest using Java 11.0.13 on AnaVega with PID 18312 (started by Ana-Vega in C:\Desarrollo\challmeli)
2022-04-10 19:57:38.980  INFO 18312 --- [    Test worker] c.meli.challmeli.rest.CoinInfoRestTest   : No active profile set, falling back to 1 default profile: "default"
2022-04-10 19:57:39.007  INFO 18312 --- [    Test worker] c.meli.challmeli.rest.CoinInfoRestTest   : Started CoinInfoRestTest in 0.096 seconds (JVM running for 18.547)
]]></system-out>
  <system-err><![CDATA[]]></system-err>
</testsuite>
