<?xml version="1.0" encoding="UTF-8"?>
<testsuite name="com.meli.challmeli.service.datacountry.DataCountryServiceTest" tests="1" skipped="0" failures="0" errors="0" timestamp="2022-04-11T00:57:40" hostname="ANAVEGA" time="0.029">
  <properties/>
  <testcase name="buildDataCountrySuccess()" classname="com.meli.challmeli.service.datacountry.DataCountryServiceTest" time="0.029"/>
  <system-out><![CDATA[2022-04-10 19:57:40.591  INFO 18312 --- [    Test worker] o.s.t.c.support.AbstractContextLoader    : Could not detect default resource locations for test class [com.meli.challmeli.service.datacountry.DataCountryServiceTest]: no resource found for suffixes {-context.xml, Context.groovy}.
2022-04-10 19:57:40.592  INFO 18312 --- [    Test worker] t.c.s.AnnotationConfigContextLoaderUtils : Could not detect default configuration classes for test class [com.meli.challmeli.service.datacountry.DataCountryServiceTest]: DataCountryServiceTest does not declare any static, non-private, non-final, nested classes annotated with @Configuration.
2022-04-10 19:57:40.599  INFO 18312 --- [    Test worker] .b.t.c.SpringBootTestContextBootstrapper : Found @SpringBootConfiguration com.meli.challmeli.service.datacountry.DataCountryServiceTest for test class com.meli.challmeli.service.datacountry.DataCountryServiceTest
2022-04-10 19:57:40.602  INFO 18312 --- [    Test worker] .b.t.c.SpringBootTestContextBootstrapper : Loaded default TestExecutionListener class names from location [META-INF/spring.factories]: [org.springframework.boot.test.autoconfigure.restdocs.RestDocsTestExecutionListener, org.springframework.boot.test.autoconfigure.web.client.MockRestServiceServerResetTestExecutionListener, org.springframework.boot.test.autoconfigure.web.servlet.MockMvcPrintOnlyOnFailureTestExecutionListener, org.springframework.boot.test.autoconfigure.web.servlet.WebDriverTestExecutionListener, org.springframework.boot.test.autoconfigure.webservices.client.MockWebServiceServerTestExecutionListener, org.springframework.boot.test.mock.mockito.MockitoTestExecutionListener, org.springframework.boot.test.mock.mockito.ResetMocksTestExecutionListener, org.springframework.test.context.web.ServletTestExecutionListener, org.springframework.test.context.support.DirtiesContextBeforeModesTestExecutionListener, org.springframework.test.context.event.ApplicationEventsTestExecutionListener, org.springframework.test.context.support.DependencyInjectionTestExecutionListener, org.springframework.test.context.support.DirtiesContextTestExecutionListener, org.springframework.test.context.transaction.TransactionalTestExecutionListener, org.springframework.test.context.jdbc.SqlScriptsTestExecutionListener, org.springframework.test.context.event.EventPublishingTestExecutionListener]
2022-04-10 19:57:40.603  INFO 18312 --- [    Test worker] .b.t.c.SpringBootTestContextBootstrapper : Using TestExecutionListeners: [org.springframework.test.context.web.ServletTestExecutionListener@4bf2c697, org.springframework.test.context.support.DirtiesContextBeforeModesTestExecutionListener@16a3d9a7, org.springframework.test.context.event.ApplicationEventsTestExecutionListener@24c94e95, org.springframework.boot.test.mock.mockito.MockitoTestExecutionListener@d8f65a1, org.springframework.boot.test.autoconfigure.SpringBootDependencyInjectionTestExecutionListener@5014ccf9, org.springframework.test.context.support.DirtiesContextTestExecutionListener@58f259bd, org.springframework.test.context.transaction.TransactionalTestExecutionListener@362109d0, org.springframework.test.context.jdbc.SqlScriptsTestExecutionListener@4075c0d8, org.springframework.test.context.event.EventPublishingTestExecutionListener@3670af2b, org.springframework.boot.test.autoconfigure.restdocs.RestDocsTestExecutionListener@7c8537e9, org.springframework.boot.test.autoconfigure.web.client.MockRestServiceServerResetTestExecutionListener@42d4de20, org.springframework.boot.test.autoconfigure.web.servlet.MockMvcPrintOnlyOnFailureTestExecutionListener@2cc9a5a2, org.springframework.boot.test.autoconfigure.web.servlet.WebDriverTestExecutionListener@1ff35ee7, org.springframework.boot.test.autoconfigure.webservices.client.MockWebServiceServerTestExecutionListener@4a9c188f, org.springframework.boot.test.mock.mockito.ResetMocksTestExecutionListener@2e5dea22]

  .   ____          _            __ _ _
 /\\ / ___'_ __ _ _(_)_ __  __ _ \ \ \ \
( ( )\___ | '_ | '_| | '_ \/ _` | \ \ \ \
 \\/  ___)| |_)| | | | | || (_| |  ) ) ) )
  '  |____| .__|_| |_|_| |_\__, | / / / /
 =========|_|==============|___/=/_/_/_/
 :: Spring Boot ::                (v2.6.6)

2022-04-10 19:57:40.655  WARN 18312 --- [    Test worker] ory$DuplicateJsonObjectContextCustomizer : 

Found multiple occurrences of org.json.JSONObject on the class path:

	jar:file:/C:/Users/Ana-Vega/.gradle/caches/modules-2/files-2.1/org.json/json/20171018/36ced462c97f0845b4a7b266a25cebe95d18baa3/json-20171018.jar!/org/json/JSONObject.class
	jar:file:/C:/Users/Ana-Vega/.gradle/caches/modules-2/files-2.1/com.vaadin.external.google/android-json/0.0.20131108.vaadin1/fa26d351fe62a6a17f5cda1287c1c6110dec413f/android-json-0.0.20131108.vaadin1.jar!/org/json/JSONObject.class

You may wish to exclude one of them to ensure predictable runtime behavior

2022-04-10 19:57:40.657  INFO 18312 --- [    Test worker] c.m.c.s.d.DataCountryServiceTest         : Starting DataCountryServiceTest using Java 11.0.13 on AnaVega with PID 18312 (started by Ana-Vega in C:\Desarrollo\challmeli)
2022-04-10 19:57:40.657  INFO 18312 --- [    Test worker] c.m.c.s.d.DataCountryServiceTest         : No active profile set, falling back to 1 default profile: "default"
2022-04-10 19:57:40.691  INFO 18312 --- [    Test worker] c.m.c.s.d.DataCountryServiceTest         : Started DataCountryServiceTest in 0.083 seconds (JVM running for 20.231)
]]></system-out>
  <system-err><![CDATA[]]></system-err>
</testsuite>
