<?xml version="1.0" encoding="UTF-8"?>
<testsuite name="com.meli.challmeli.service.distance.DistanceServiceTest" tests="1" skipped="0" failures="0" errors="0" timestamp="2022-04-11T00:57:27" hostname="ANAVEGA" time="0.133">
  <properties/>
  <testcase name="buildDistance()" classname="com.meli.challmeli.service.distance.DistanceServiceTest" time="0.133"/>
  <system-out><![CDATA[19:57:22.927 [Test worker] DEBUG org.springframework.test.context.BootstrapUtils - Instantiating CacheAwareContextLoaderDelegate from class [org.springframework.test.context.cache.DefaultCacheAwareContextLoaderDelegate]
19:57:22.962 [Test worker] DEBUG org.springframework.test.context.BootstrapUtils - Instantiating BootstrapContext using constructor [public org.springframework.test.context.support.DefaultBootstrapContext(java.lang.Class,org.springframework.test.context.CacheAwareContextLoaderDelegate)]
19:57:23.083 [Test worker] DEBUG org.springframework.test.context.BootstrapUtils - Instantiating TestContextBootstrapper for test class [com.meli.challmeli.service.distance.DistanceServiceTest] from class [org.springframework.boot.test.context.SpringBootTestContextBootstrapper]
19:57:23.124 [Test worker] DEBUG org.springframework.test.context.support.AbstractContextLoader - Did not detect default resource location for test class [com.meli.challmeli.service.distance.DistanceServiceTest]: class path resource [com/meli/challmeli/service/distance/DistanceServiceTest-context.xml] does not exist
19:57:23.126 [Test worker] DEBUG org.springframework.test.context.support.AbstractContextLoader - Did not detect default resource location for test class [com.meli.challmeli.service.distance.DistanceServiceTest]: class path resource [com/meli/challmeli/service/distance/DistanceServiceTestContext.groovy] does not exist
19:57:23.127 [Test worker] INFO org.springframework.test.context.support.AbstractContextLoader - Could not detect default resource locations for test class [com.meli.challmeli.service.distance.DistanceServiceTest]: no resource found for suffixes {-context.xml, Context.groovy}.
19:57:23.129 [Test worker] INFO org.springframework.test.context.support.AnnotationConfigContextLoaderUtils - Could not detect default configuration classes for test class [com.meli.challmeli.service.distance.DistanceServiceTest]: DistanceServiceTest does not declare any static, non-private, non-final, nested classes annotated with @Configuration.
19:57:23.234 [Test worker] DEBUG org.springframework.test.context.support.ActiveProfilesUtils - Could not find an 'annotation declaring class' for annotation type [org.springframework.test.context.ActiveProfiles] and class [com.meli.challmeli.service.distance.DistanceServiceTest]
19:57:23.361 [Test worker] DEBUG org.springframework.context.annotation.ClassPathScanningCandidateComponentProvider - Identified candidate component class: file [C:\Desarrollo\challmeli\build\classes\java\test\com\meli\challmeli\service\distance\DistanceServiceTest.class]
19:57:23.364 [Test worker] INFO org.springframework.boot.test.context.SpringBootTestContextBootstrapper - Found @SpringBootConfiguration com.meli.challmeli.service.distance.DistanceServiceTest for test class com.meli.challmeli.service.distance.DistanceServiceTest
19:57:23.687 [Test worker] DEBUG org.springframework.boot.test.context.SpringBootTestContextBootstrapper - @TestExecutionListeners is not present for class [com.meli.challmeli.service.distance.DistanceServiceTest]: using defaults.
19:57:23.689 [Test worker] INFO org.springframework.boot.test.context.SpringBootTestContextBootstrapper - Loaded default TestExecutionListener class names from location [META-INF/spring.factories]: [org.springframework.boot.test.autoconfigure.restdocs.RestDocsTestExecutionListener, org.springframework.boot.test.autoconfigure.web.client.MockRestServiceServerResetTestExecutionListener, org.springframework.boot.test.autoconfigure.web.servlet.MockMvcPrintOnlyOnFailureTestExecutionListener, org.springframework.boot.test.autoconfigure.web.servlet.WebDriverTestExecutionListener, org.springframework.boot.test.autoconfigure.webservices.client.MockWebServiceServerTestExecutionListener, org.springframework.boot.test.mock.mockito.MockitoTestExecutionListener, org.springframework.boot.test.mock.mockito.ResetMocksTestExecutionListener, org.springframework.test.context.web.ServletTestExecutionListener, org.springframework.test.context.support.DirtiesContextBeforeModesTestExecutionListener, org.springframework.test.context.event.ApplicationEventsTestExecutionListener, org.springframework.test.context.support.DependencyInjectionTestExecutionListener, org.springframework.test.context.support.DirtiesContextTestExecutionListener, org.springframework.test.context.transaction.TransactionalTestExecutionListener, org.springframework.test.context.jdbc.SqlScriptsTestExecutionListener, org.springframework.test.context.event.EventPublishingTestExecutionListener]
19:57:23.734 [Test worker] INFO org.springframework.boot.test.context.SpringBootTestContextBootstrapper - Using TestExecutionListeners: [org.springframework.test.context.web.ServletTestExecutionListener@1358b28e, org.springframework.test.context.support.DirtiesContextBeforeModesTestExecutionListener@1a78dacd, org.springframework.test.context.event.ApplicationEventsTestExecutionListener@19f9d595, org.springframework.boot.test.mock.mockito.MockitoTestExecutionListener@7de4a01f, org.springframework.boot.test.autoconfigure.SpringBootDependencyInjectionTestExecutionListener@2bfeb1ef, org.springframework.test.context.support.DirtiesContextTestExecutionListener@778ca8ef, org.springframework.test.context.transaction.TransactionalTestExecutionListener@208e9ef6, org.springframework.test.context.jdbc.SqlScriptsTestExecutionListener@78b236a0, org.springframework.test.context.event.EventPublishingTestExecutionListener@261d8190, org.springframework.boot.test.autoconfigure.restdocs.RestDocsTestExecutionListener@34448e6c, org.springframework.boot.test.autoconfigure.web.client.MockRestServiceServerResetTestExecutionListener@60e9df3c, org.springframework.boot.test.autoconfigure.web.servlet.MockMvcPrintOnlyOnFailureTestExecutionListener@907f2b7, org.springframework.boot.test.autoconfigure.web.servlet.WebDriverTestExecutionListener@435ce306, org.springframework.boot.test.autoconfigure.webservices.client.MockWebServiceServerTestExecutionListener@537b32ef, org.springframework.boot.test.mock.mockito.ResetMocksTestExecutionListener@7dc51783]
19:57:23.743 [Test worker] DEBUG org.springframework.test.context.support.AbstractDirtiesContextTestExecutionListener - Before test class: context [DefaultTestContext@3a43d133 testClass = DistanceServiceTest, testInstance = [null], testMethod = [null], testException = [null], mergedContextConfiguration = [WebMergedContextConfiguration@39ce27f2 testClass = DistanceServiceTest, locations = '{}', classes = '{class com.meli.challmeli.service.distance.DistanceServiceTest}', contextInitializerClasses = '[]', activeProfiles = '{}', propertySourceLocations = '{}', propertySourceProperties = '{org.springframework.boot.test.context.SpringBootTestContextBootstrapper=true}', contextCustomizers = set[org.springframework.boot.test.autoconfigure.actuate.metrics.MetricsExportContextCustomizerFactory$DisableMetricExportContextCustomizer@297ea53a, org.springframework.boot.test.autoconfigure.properties.PropertyMappingContextCustomizer@0, org.springframework.boot.test.autoconfigure.web.servlet.WebDriverContextCustomizerFactory$Customizer@42b64ab8, org.springframework.boot.test.context.filter.ExcludeFilterContextCustomizer@d5ae57e, org.springframework.boot.test.json.DuplicateJsonObjectContextCustomizerFactory$DuplicateJsonObjectContextCustomizer@305f031, org.springframework.boot.test.mock.mockito.MockitoContextCustomizer@0, org.springframework.boot.test.web.client.TestRestTemplateContextCustomizer@716a7124, org.springframework.boot.test.context.SpringBootTestArgs@1, org.springframework.boot.test.context.SpringBootTestWebEnvironment@418c5a9c], resourceBasePath = 'src/main/webapp', contextLoader = 'org.springframework.boot.test.context.SpringBootContextLoader', parent = [null]], attributes = map['org.springframework.test.context.web.ServletTestExecutionListener.activateListener' -> true]], class annotated with @DirtiesContext [false] with mode [null].

  .   ____          _            __ _ _
 /\\ / ___'_ __ _ _(_)_ __  __ _ \ \ \ \
( ( )\___ | '_ | '_| | '_ \/ _` | \ \ \ \
 \\/  ___)| |_)| | | | | || (_| |  ) ) ) )
  '  |____| .__|_| |_|_| |_\__, | / / / /
 =========|_|==============|___/=/_/_/_/
 :: Spring Boot ::                (v2.6.6)

2022-04-10 19:57:25.029  WARN 18312 --- [    Test worker] ory$DuplicateJsonObjectContextCustomizer : 

Found multiple occurrences of org.json.JSONObject on the class path:

	jar:file:/C:/Users/Ana-Vega/.gradle/caches/modules-2/files-2.1/org.json/json/20171018/36ced462c97f0845b4a7b266a25cebe95d18baa3/json-20171018.jar!/org/json/JSONObject.class
	jar:file:/C:/Users/Ana-Vega/.gradle/caches/modules-2/files-2.1/com.vaadin.external.google/android-json/0.0.20131108.vaadin1/fa26d351fe62a6a17f5cda1287c1c6110dec413f/android-json-0.0.20131108.vaadin1.jar!/org/json/JSONObject.class

You may wish to exclude one of them to ensure predictable runtime behavior

2022-04-10 19:57:25.091  INFO 18312 --- [    Test worker] c.m.c.s.distance.DistanceServiceTest     : Starting DistanceServiceTest using Java 11.0.13 on AnaVega with PID 18312 (started by Ana-Vega in C:\Desarrollo\challmeli)
2022-04-10 19:57:25.092  INFO 18312 --- [    Test worker] c.m.c.s.distance.DistanceServiceTest     : No active profile set, falling back to 1 default profile: "default"
2022-04-10 19:57:26.136  INFO 18312 --- [    Test worker] c.m.c.s.distance.DistanceServiceTest     : Started DistanceServiceTest in 2.29 seconds (JVM running for 5.676)
]]></system-out>
  <system-err><![CDATA[[2022.04.10 19:57:23] (Coverage): Error during class instrumentation: org.springframework.boot.logging.log4j2.Log4J2LoggingSystem: java.lang.RuntimeException: java.io.IOException: Class org/apache/logging/log4j/core/config/composite/CompositeConfiguration not found
]]></system-err>
</testsuite>
