<?xml version="1.0" encoding="UTF-8"?>
<testsuite name="com.meli.challmeli.service.statistics.StatisticsServiceTest" tests="3" skipped="0" failures="0" errors="0" timestamp="2022-04-11T00:57:40" hostname="ANAVEGA" time="0.027">
  <properties/>
  <testcase name="saveDataStatiticsSuccess()" classname="com.meli.challmeli.service.statistics.StatisticsServiceTest" time="0.011"/>
  <testcase name="updateStatistics()" classname="com.meli.challmeli.service.statistics.StatisticsServiceTest" time="0.005"/>
  <testcase name="findByIdStatiticsSuccess()" classname="com.meli.challmeli.service.statistics.StatisticsServiceTest" time="0.006"/>
  <system-out><![CDATA[2022-04-10 19:57:40.731  INFO 18312 --- [    Test worker] o.s.t.c.support.AbstractContextLoader    : Could not detect default resource locations for test class [com.meli.challmeli.service.statistics.StatisticsServiceTest]: no resource found for suffixes {-context.xml, Context.groovy}.
2022-04-10 19:57:40.731  INFO 18312 --- [    Test worker] t.c.s.AnnotationConfigContextLoaderUtils : Could not detect default configuration classes for test class [com.meli.challmeli.service.statistics.StatisticsServiceTest]: StatisticsServiceTest does not declare any static, non-private, non-final, nested classes annotated with @Configuration.
2022-04-10 19:57:40.737  INFO 18312 --- [    Test worker] .b.t.c.SpringBootTestContextBootstrapper : Found @SpringBootConfiguration com.meli.challmeli.service.statistics.StatisticsServiceTest for test class com.meli.challmeli.service.statistics.StatisticsServiceTest
2022-04-10 19:57:40.742  INFO 18312 --- [    Test worker] .b.t.c.SpringBootTestContextBootstrapper : Loaded default TestExecutionListener class names from location [META-INF/spring.factories]: [org.springframework.boot.test.autoconfigure.restdocs.RestDocsTestExecutionListener, org.springframework.boot.test.autoconfigure.web.client.MockRestServiceServerResetTestExecutionListener, org.springframework.boot.test.autoconfigure.web.servlet.MockMvcPrintOnlyOnFailureTestExecutionListener, org.springframework.boot.test.autoconfigure.web.servlet.WebDriverTestExecutionListener, org.springframework.boot.test.autoconfigure.webservices.client.MockWebServiceServerTestExecutionListener, org.springframework.boot.test.mock.mockito.MockitoTestExecutionListener, org.springframework.boot.test.mock.mockito.ResetMocksTestExecutionListener, org.springframework.test.context.web.ServletTestExecutionListener, org.springframework.test.context.support.DirtiesContextBeforeModesTestExecutionListener, org.springframework.test.context.event.ApplicationEventsTestExecutionListener, org.springframework.test.context.support.DependencyInjectionTestExecutionListener, org.springframework.test.context.support.DirtiesContextTestExecutionListener, org.springframework.test.context.transaction.TransactionalTestExecutionListener, org.springframework.test.context.jdbc.SqlScriptsTestExecutionListener, org.springframework.test.context.event.EventPublishingTestExecutionListener]
2022-04-10 19:57:40.743  INFO 18312 --- [    Test worker] .b.t.c.SpringBootTestContextBootstrapper : Using TestExecutionListeners: [org.springframework.test.context.web.ServletTestExecutionListener@53a3ccc, org.springframework.test.context.support.DirtiesContextBeforeModesTestExecutionListener@27ca8a5a, org.springframework.test.context.event.ApplicationEventsTestExecutionListener@62604ed4, org.springframework.boot.test.mock.mockito.MockitoTestExecutionListener@1bfc6e50, org.springframework.boot.test.autoconfigure.SpringBootDependencyInjectionTestExecutionListener@4f74edbf, org.springframework.test.context.support.DirtiesContextTestExecutionListener@3c1f2651, org.springframework.test.context.transaction.TransactionalTestExecutionListener@5ce9c9e8, org.springframework.test.context.jdbc.SqlScriptsTestExecutionListener@249fa2cb, org.springframework.test.context.event.EventPublishingTestExecutionListener@4c6ebaf2, org.springframework.boot.test.autoconfigure.restdocs.RestDocsTestExecutionListener@9063080, org.springframework.boot.test.autoconfigure.web.client.MockRestServiceServerResetTestExecutionListener@1bb21ec1, org.springframework.boot.test.autoconfigure.web.servlet.MockMvcPrintOnlyOnFailureTestExecutionListener@42626e86, org.springframework.boot.test.autoconfigure.web.servlet.WebDriverTestExecutionListener@7be2f512, org.springframework.boot.test.autoconfigure.webservices.client.MockWebServiceServerTestExecutionListener@435848de, org.springframework.boot.test.mock.mockito.ResetMocksTestExecutionListener@48971262]

  .   ____          _            __ _ _
 /\\ / ___'_ __ _ _(_)_ __  __ _ \ \ \ \
( ( )\___ | '_ | '_| | '_ \/ _` | \ \ \ \
 \\/  ___)| |_)| | | | | || (_| |  ) ) ) )
  '  |____| .__|_| |_|_| |_\__, | / / / /
 =========|_|==============|___/=/_/_/_/
 :: Spring Boot ::                (v2.6.6)

2022-04-10 19:57:40.798  WARN 18312 --- [    Test worker] ory$DuplicateJsonObjectContextCustomizer : 

Found multiple occurrences of org.json.JSONObject on the class path:

	jar:file:/C:/Users/Ana-Vega/.gradle/caches/modules-2/files-2.1/org.json/json/20171018/36ced462c97f0845b4a7b266a25cebe95d18baa3/json-20171018.jar!/org/json/JSONObject.class
	jar:file:/C:/Users/Ana-Vega/.gradle/caches/modules-2/files-2.1/com.vaadin.external.google/android-json/0.0.20131108.vaadin1/fa26d351fe62a6a17f5cda1287c1c6110dec413f/android-json-0.0.20131108.vaadin1.jar!/org/json/JSONObject.class

You may wish to exclude one of them to ensure predictable runtime behavior

2022-04-10 19:57:40.800  INFO 18312 --- [    Test worker] c.m.c.s.s.StatisticsServiceTest          : Starting StatisticsServiceTest using Java 11.0.13 on AnaVega with PID 18312 (started by Ana-Vega in C:\Desarrollo\challmeli)
2022-04-10 19:57:40.801  INFO 18312 --- [    Test worker] c.m.c.s.s.StatisticsServiceTest          : No active profile set, falling back to 1 default profile: "default"
2022-04-10 19:57:40.836  INFO 18312 --- [    Test worker] c.m.c.s.s.StatisticsServiceTest          : Started StatisticsServiceTest in 0.089 seconds (JVM running for 20.376)
]]></system-out>
  <system-err><![CDATA[]]></system-err>
</testsuite>
