<?xml version="1.0" encoding="UTF-8"?>
<testsuite name="com.meli.challmeli.rest.CountryIoTest" tests="1" skipped="0" failures="0" errors="0" timestamp="2022-04-11T00:57:39" hostname="ANAVEGA" time="0.331">
  <properties/>
  <testcase name="callOnCountryIo()" classname="com.meli.challmeli.rest.CountryIoTest" time="0.331"/>
  <system-out><![CDATA[2022-04-10 19:57:39.528  INFO 18312 --- [    Test worker] o.s.t.c.support.AbstractContextLoader    : Could not detect default resource locations for test class [com.meli.challmeli.rest.CountryIoTest]: no resource found for suffixes {-context.xml, Context.groovy}.
2022-04-10 19:57:39.533  INFO 18312 --- [    Test worker] .b.t.c.SpringBootTestContextBootstrapper : Loaded default TestExecutionListener class names from location [META-INF/spring.factories]: [org.springframework.boot.test.autoconfigure.restdocs.RestDocsTestExecutionListener, org.springframework.boot.test.autoconfigure.web.client.MockRestServiceServerResetTestExecutionListener, org.springframework.boot.test.autoconfigure.web.servlet.MockMvcPrintOnlyOnFailureTestExecutionListener, org.springframework.boot.test.autoconfigure.web.servlet.WebDriverTestExecutionListener, org.springframework.boot.test.autoconfigure.webservices.client.MockWebServiceServerTestExecutionListener, org.springframework.boot.test.mock.mockito.MockitoTestExecutionListener, org.springframework.boot.test.mock.mockito.ResetMocksTestExecutionListener, org.springframework.test.context.web.ServletTestExecutionListener, org.springframework.test.context.support.DirtiesContextBeforeModesTestExecutionListener, org.springframework.test.context.event.ApplicationEventsTestExecutionListener, org.springframework.test.context.support.DependencyInjectionTestExecutionListener, org.springframework.test.context.support.DirtiesContextTestExecutionListener, org.springframework.test.context.transaction.TransactionalTestExecutionListener, org.springframework.test.context.jdbc.SqlScriptsTestExecutionListener, org.springframework.test.context.event.EventPublishingTestExecutionListener]
2022-04-10 19:57:39.534  INFO 18312 --- [    Test worker] .b.t.c.SpringBootTestContextBootstrapper : Using TestExecutionListeners: [org.springframework.test.context.web.ServletTestExecutionListener@524241d9, org.springframework.test.context.support.DirtiesContextBeforeModesTestExecutionListener@6f55aef7, org.springframework.test.context.event.ApplicationEventsTestExecutionListener@69c7fe78, org.springframework.boot.test.mock.mockito.MockitoTestExecutionListener@1ffe7c42, org.springframework.boot.test.autoconfigure.SpringBootDependencyInjectionTestExecutionListener@5f72aaed, org.springframework.test.context.support.DirtiesContextTestExecutionListener@1d9295e2, org.springframework.test.context.transaction.TransactionalTestExecutionListener@4b708c16, org.springframework.test.context.jdbc.SqlScriptsTestExecutionListener@2700f556, org.springframework.test.context.event.EventPublishingTestExecutionListener@6def1699, org.springframework.boot.test.autoconfigure.restdocs.RestDocsTestExecutionListener@64dbb343, org.springframework.boot.test.autoconfigure.web.client.MockRestServiceServerResetTestExecutionListener@2b0483f2, org.springframework.boot.test.autoconfigure.web.servlet.MockMvcPrintOnlyOnFailureTestExecutionListener@b8e6981, org.springframework.boot.test.autoconfigure.web.servlet.WebDriverTestExecutionListener@1e40edb7, org.springframework.boot.test.autoconfigure.webservices.client.MockWebServiceServerTestExecutionListener@27381497, org.springframework.boot.test.mock.mockito.ResetMocksTestExecutionListener@282c0891]

  .   ____          _            __ _ _
 /\\ / ___'_ __ _ _(_)_ __  __ _ \ \ \ \
( ( )\___ | '_ | '_| | '_ \/ _` | \ \ \ \
 \\/  ___)| |_)| | | | | || (_| |  ) ) ) )
  '  |____| .__|_| |_|_| |_\__, | / / / /
 =========|_|==============|___/=/_/_/_/
 :: Spring Boot ::                (v2.6.6)

2022-04-10 19:57:39.595  WARN 18312 --- [    Test worker] ory$DuplicateJsonObjectContextCustomizer : 

Found multiple occurrences of org.json.JSONObject on the class path:

	jar:file:/C:/Users/Ana-Vega/.gradle/caches/modules-2/files-2.1/org.json/json/20171018/36ced462c97f0845b4a7b266a25cebe95d18baa3/json-20171018.jar!/org/json/JSONObject.class
	jar:file:/C:/Users/Ana-Vega/.gradle/caches/modules-2/files-2.1/com.vaadin.external.google/android-json/0.0.20131108.vaadin1/fa26d351fe62a6a17f5cda1287c1c6110dec413f/android-json-0.0.20131108.vaadin1.jar!/org/json/JSONObject.class

You may wish to exclude one of them to ensure predictable runtime behavior

2022-04-10 19:57:39.599  INFO 18312 --- [    Test worker] com.meli.challmeli.rest.CountryIoTest    : Starting CountryIoTest using Java 11.0.13 on AnaVega with PID 18312 (started by Ana-Vega in C:\Desarrollo\challmeli)
2022-04-10 19:57:39.599  INFO 18312 --- [    Test worker] com.meli.challmeli.rest.CountryIoTest    : No active profile set, falling back to 1 default profile: "default"
2022-04-10 19:57:39.633  INFO 18312 --- [    Test worker] com.meli.challmeli.rest.CountryIoTest    : Started CountryIoTest in 0.096 seconds (JVM running for 19.174)
]]></system-out>
  <system-err><![CDATA[]]></system-err>
</testsuite>
