<?xml version="1.0" encoding="UTF-8"?>
<testsuite name="com.meli.challmeli.service.InfoIpServiceTest" tests="3" skipped="0" failures="0" errors="0" timestamp="2022-04-10T22:26:40" hostname="ANAVEGA" time="0.16">
  <properties/>
  <testcase name="countryInfoCompleteSuccess()" classname="com.meli.challmeli.service.InfoIpServiceTest" time="0.127"/>
  <testcase name="countryInfoCompleteFailedInGeolocationData()" classname="com.meli.challmeli.service.InfoIpServiceTest" time="0.015"/>
  <testcase name="countryInfoCompleteFailedInValidationCoin()" classname="com.meli.challmeli.service.InfoIpServiceTest" time="0.009"/>
  <system-out><![CDATA[17:26:36.973 [Test worker] DEBUG org.springframework.test.context.BootstrapUtils - Instantiating CacheAwareContextLoaderDelegate from class [org.springframework.test.context.cache.DefaultCacheAwareContextLoaderDelegate]
17:26:36.995 [Test worker] DEBUG org.springframework.test.context.BootstrapUtils - Instantiating BootstrapContext using constructor [public org.springframework.test.context.support.DefaultBootstrapContext(java.lang.Class,org.springframework.test.context.CacheAwareContextLoaderDelegate)]
17:26:37.090 [Test worker] DEBUG org.springframework.test.context.BootstrapUtils - Instantiating TestContextBootstrapper for test class [com.meli.challmeli.service.InfoIpServiceTest] from class [org.springframework.boot.test.context.SpringBootTestContextBootstrapper]
17:26:37.133 [Test worker] DEBUG org.springframework.test.context.support.AbstractContextLoader - Did not detect default resource location for test class [com.meli.challmeli.service.InfoIpServiceTest]: class path resource [com/meli/challmeli/service/InfoIpServiceTest-context.xml] does not exist
17:26:37.135 [Test worker] DEBUG org.springframework.test.context.support.AbstractContextLoader - Did not detect default resource location for test class [com.meli.challmeli.service.InfoIpServiceTest]: class path resource [com/meli/challmeli/service/InfoIpServiceTestContext.groovy] does not exist
17:26:37.136 [Test worker] INFO org.springframework.test.context.support.AbstractContextLoader - Could not detect default resource locations for test class [com.meli.challmeli.service.InfoIpServiceTest]: no resource found for suffixes {-context.xml, Context.groovy}.
17:26:37.139 [Test worker] INFO org.springframework.test.context.support.AnnotationConfigContextLoaderUtils - Could not detect default configuration classes for test class [com.meli.challmeli.service.InfoIpServiceTest]: InfoIpServiceTest does not declare any static, non-private, non-final, nested classes annotated with @Configuration.
17:26:37.263 [Test worker] DEBUG org.springframework.test.context.support.ActiveProfilesUtils - Could not find an 'annotation declaring class' for annotation type [org.springframework.test.context.ActiveProfiles] and class [com.meli.challmeli.service.InfoIpServiceTest]
17:26:37.366 [Test worker] DEBUG org.springframework.context.annotation.ClassPathScanningCandidateComponentProvider - Identified candidate component class: file [C:\Desarrollo\challmeli\build\classes\java\test\com\meli\challmeli\service\InfoIpServiceTest.class]
17:26:37.372 [Test worker] INFO org.springframework.boot.test.context.SpringBootTestContextBootstrapper - Found @SpringBootConfiguration com.meli.challmeli.service.InfoIpServiceTest for test class com.meli.challmeli.service.InfoIpServiceTest
17:26:37.666 [Test worker] DEBUG org.springframework.boot.test.context.SpringBootTestContextBootstrapper - @TestExecutionListeners is not present for class [com.meli.challmeli.service.InfoIpServiceTest]: using defaults.
17:26:37.668 [Test worker] INFO org.springframework.boot.test.context.SpringBootTestContextBootstrapper - Loaded default TestExecutionListener class names from location [META-INF/spring.factories]: [org.springframework.boot.test.autoconfigure.restdocs.RestDocsTestExecutionListener, org.springframework.boot.test.autoconfigure.web.client.MockRestServiceServerResetTestExecutionListener, org.springframework.boot.test.autoconfigure.web.servlet.MockMvcPrintOnlyOnFailureTestExecutionListener, org.springframework.boot.test.autoconfigure.web.servlet.WebDriverTestExecutionListener, org.springframework.boot.test.autoconfigure.webservices.client.MockWebServiceServerTestExecutionListener, org.springframework.boot.test.mock.mockito.MockitoTestExecutionListener, org.springframework.boot.test.mock.mockito.ResetMocksTestExecutionListener, org.springframework.test.context.web.ServletTestExecutionListener, org.springframework.test.context.support.DirtiesContextBeforeModesTestExecutionListener, org.springframework.test.context.event.ApplicationEventsTestExecutionListener, org.springframework.test.context.support.DependencyInjectionTestExecutionListener, org.springframework.test.context.support.DirtiesContextTestExecutionListener, org.springframework.test.context.transaction.TransactionalTestExecutionListener, org.springframework.test.context.jdbc.SqlScriptsTestExecutionListener, org.springframework.test.context.event.EventPublishingTestExecutionListener]
17:26:37.696 [Test worker] INFO org.springframework.boot.test.context.SpringBootTestContextBootstrapper - Using TestExecutionListeners: [org.springframework.test.context.web.ServletTestExecutionListener@1e8823d2, org.springframework.test.context.support.DirtiesContextBeforeModesTestExecutionListener@c1a4620, org.springframework.test.context.event.ApplicationEventsTestExecutionListener@76b0ae1b, org.springframework.boot.test.mock.mockito.MockitoTestExecutionListener@130a0f66, org.springframework.boot.test.autoconfigure.SpringBootDependencyInjectionTestExecutionListener@4c432866, org.springframework.test.context.support.DirtiesContextTestExecutionListener@12365c88, org.springframework.test.context.transaction.TransactionalTestExecutionListener@6105f8a3, org.springframework.test.context.jdbc.SqlScriptsTestExecutionListener@2237bada, org.springframework.test.context.event.EventPublishingTestExecutionListener@77e2a6e2, org.springframework.boot.test.autoconfigure.restdocs.RestDocsTestExecutionListener@5710768a, org.springframework.boot.test.autoconfigure.web.client.MockRestServiceServerResetTestExecutionListener@199e4c2b, org.springframework.boot.test.autoconfigure.web.servlet.MockMvcPrintOnlyOnFailureTestExecutionListener@6e0d4a8, org.springframework.boot.test.autoconfigure.web.servlet.WebDriverTestExecutionListener@64d7b720, org.springframework.boot.test.autoconfigure.webservices.client.MockWebServiceServerTestExecutionListener@30272916, org.springframework.boot.test.mock.mockito.ResetMocksTestExecutionListener@5bb3d42d]
17:26:37.704 [Test worker] DEBUG org.springframework.test.context.support.AbstractDirtiesContextTestExecutionListener - Before test class: context [DefaultTestContext@71b1a49c testClass = InfoIpServiceTest, testInstance = [null], testMethod = [null], testException = [null], mergedContextConfiguration = [WebMergedContextConfiguration@73e132e0 testClass = InfoIpServiceTest, locations = '{}', classes = '{class com.meli.challmeli.service.InfoIpServiceTest}', contextInitializerClasses = '[]', activeProfiles = '{}', propertySourceLocations = '{}', propertySourceProperties = '{org.springframework.boot.test.context.SpringBootTestContextBootstrapper=true}', contextCustomizers = set[org.springframework.boot.test.autoconfigure.actuate.metrics.MetricsExportContextCustomizerFactory$DisableMetricExportContextCustomizer@619bfe29, org.springframework.boot.test.autoconfigure.properties.PropertyMappingContextCustomizer@0, org.springframework.boot.test.autoconfigure.web.servlet.WebDriverContextCustomizerFactory$Customizer@75e01201, org.springframework.boot.test.context.filter.ExcludeFilterContextCustomizer@3829ac1, org.springframework.boot.test.json.DuplicateJsonObjectContextCustomizerFactory$DuplicateJsonObjectContextCustomizer@15eebbff, org.springframework.boot.test.mock.mockito.MockitoContextCustomizer@0, org.springframework.boot.test.web.client.TestRestTemplateContextCustomizer@7e38a7fe, org.springframework.boot.test.context.SpringBootTestArgs@1, org.springframework.boot.test.context.SpringBootTestWebEnvironment@420a85c4], resourceBasePath = 'src/main/webapp', contextLoader = 'org.springframework.boot.test.context.SpringBootContextLoader', parent = [null]], attributes = map['org.springframework.test.context.web.ServletTestExecutionListener.activateListener' -> true]], class annotated with @DirtiesContext [false] with mode [null].

  .   ____          _            __ _ _
 /\\ / ___'_ __ _ _(_)_ __  __ _ \ \ \ \
( ( )\___ | '_ | '_| | '_ \/ _` | \ \ \ \
 \\/  ___)| |_)| | | | | || (_| |  ) ) ) )
  '  |____| .__|_| |_|_| |_\__, | / / / /
 =========|_|==============|___/=/_/_/_/
 :: Spring Boot ::                (v2.6.6)

2022-04-10 17:26:38.546  WARN 20836 --- [    Test worker] ory$DuplicateJsonObjectContextCustomizer : 

Found multiple occurrences of org.json.JSONObject on the class path:

	jar:file:/C:/Users/Ana-Vega/.gradle/caches/modules-2/files-2.1/org.json/json/20171018/36ced462c97f0845b4a7b266a25cebe95d18baa3/json-20171018.jar!/org/json/JSONObject.class
	jar:file:/C:/Users/Ana-Vega/.gradle/caches/modules-2/files-2.1/com.vaadin.external.google/android-json/0.0.20131108.vaadin1/fa26d351fe62a6a17f5cda1287c1c6110dec413f/android-json-0.0.20131108.vaadin1.jar!/org/json/JSONObject.class

You may wish to exclude one of them to ensure predictable runtime behavior

2022-04-10 17:26:38.579  INFO 20836 --- [    Test worker] c.m.challmeli.service.InfoIpServiceTest  : Starting InfoIpServiceTest using Java 11.0.13 on AnaVega with PID 20836 (started by Ana-Vega in C:\Desarrollo\challmeli)
2022-04-10 17:26:38.580  INFO 20836 --- [    Test worker] c.m.challmeli.service.InfoIpServiceTest  : No active profile set, falling back to 1 default profile: "default"
2022-04-10 17:26:39.110  INFO 20836 --- [    Test worker] c.m.challmeli.service.InfoIpServiceTest  : Started InfoIpServiceTest in 1.331 seconds (JVM running for 4.722)
]]></system-out>
  <system-err><![CDATA[]]></system-err>
</testsuite>
