<?xml version="1.0" encoding="UTF-8"?>
<testsuite name="com.meli.challmeli.service.InfoIpServiceTest" tests="3" skipped="0" failures="0" errors="0" timestamp="2022-04-11T00:36:39" hostname="ANAVEGA" time="0.098">
  <properties/>
  <testcase name="countryInfoCompleteSuccess()" classname="com.meli.challmeli.service.InfoIpServiceTest" time="0.078"/>
  <testcase name="countryInfoCompleteFailedInGeolocationData()" classname="com.meli.challmeli.service.InfoIpServiceTest" time="0.007"/>
  <testcase name="countryInfoCompleteFailedInValidationCoin()" classname="com.meli.challmeli.service.InfoIpServiceTest" time="0.007"/>
  <system-out><![CDATA[2022-04-10 19:36:39.278  INFO 14948 --- [    Test worker] o.s.t.c.support.AbstractContextLoader    : Could not detect default resource locations for test class [com.meli.challmeli.service.InfoIpServiceTest]: no resource found for suffixes {-context.xml, Context.groovy}.
2022-04-10 19:36:39.278  INFO 14948 --- [    Test worker] t.c.s.AnnotationConfigContextLoaderUtils : Could not detect default configuration classes for test class [com.meli.challmeli.service.InfoIpServiceTest]: InfoIpServiceTest does not declare any static, non-private, non-final, nested classes annotated with @Configuration.
2022-04-10 19:36:39.285  INFO 14948 --- [    Test worker] .b.t.c.SpringBootTestContextBootstrapper : Found @SpringBootConfiguration com.meli.challmeli.service.InfoIpServiceTest for test class com.meli.challmeli.service.InfoIpServiceTest
2022-04-10 19:36:39.287  INFO 14948 --- [    Test worker] .b.t.c.SpringBootTestContextBootstrapper : Loaded default TestExecutionListener class names from location [META-INF/spring.factories]: [org.springframework.boot.test.autoconfigure.restdocs.RestDocsTestExecutionListener, org.springframework.boot.test.autoconfigure.web.client.MockRestServiceServerResetTestExecutionListener, org.springframework.boot.test.autoconfigure.web.servlet.MockMvcPrintOnlyOnFailureTestExecutionListener, org.springframework.boot.test.autoconfigure.web.servlet.WebDriverTestExecutionListener, org.springframework.boot.test.autoconfigure.webservices.client.MockWebServiceServerTestExecutionListener, org.springframework.boot.test.mock.mockito.MockitoTestExecutionListener, org.springframework.boot.test.mock.mockito.ResetMocksTestExecutionListener, org.springframework.test.context.web.ServletTestExecutionListener, org.springframework.test.context.support.DirtiesContextBeforeModesTestExecutionListener, org.springframework.test.context.event.ApplicationEventsTestExecutionListener, org.springframework.test.context.support.DependencyInjectionTestExecutionListener, org.springframework.test.context.support.DirtiesContextTestExecutionListener, org.springframework.test.context.transaction.TransactionalTestExecutionListener, org.springframework.test.context.jdbc.SqlScriptsTestExecutionListener, org.springframework.test.context.event.EventPublishingTestExecutionListener]
2022-04-10 19:36:39.288  INFO 14948 --- [    Test worker] .b.t.c.SpringBootTestContextBootstrapper : Using TestExecutionListeners: [org.springframework.test.context.web.ServletTestExecutionListener@20673498, org.springframework.test.context.support.DirtiesContextBeforeModesTestExecutionListener@7a8d6eb3, org.springframework.test.context.event.ApplicationEventsTestExecutionListener@50c99398, org.springframework.boot.test.mock.mockito.MockitoTestExecutionListener@cc4a0dd, org.springframework.boot.test.autoconfigure.SpringBootDependencyInjectionTestExecutionListener@159e9629, org.springframework.test.context.support.DirtiesContextTestExecutionListener@4f78adf, org.springframework.test.context.transaction.TransactionalTestExecutionListener@183e8c8a, org.springframework.test.context.jdbc.SqlScriptsTestExecutionListener@31d51518, org.springframework.test.context.event.EventPublishingTestExecutionListener@509bf2d5, org.springframework.boot.test.autoconfigure.restdocs.RestDocsTestExecutionListener@68823b6b, org.springframework.boot.test.autoconfigure.web.client.MockRestServiceServerResetTestExecutionListener@4b4b02d, org.springframework.boot.test.autoconfigure.web.servlet.MockMvcPrintOnlyOnFailureTestExecutionListener@1dd01876, org.springframework.boot.test.autoconfigure.web.servlet.WebDriverTestExecutionListener@12d24c43, org.springframework.boot.test.autoconfigure.webservices.client.MockWebServiceServerTestExecutionListener@6bf27411, org.springframework.boot.test.mock.mockito.ResetMocksTestExecutionListener@4a66949a]

  .   ____          _            __ _ _
 /\\ / ___'_ __ _ _(_)_ __  __ _ \ \ \ \
( ( )\___ | '_ | '_| | '_ \/ _` | \ \ \ \
 \\/  ___)| |_)| | | | | || (_| |  ) ) ) )
  '  |____| .__|_| |_|_| |_\__, | / / / /
 =========|_|==============|___/=/_/_/_/
 :: Spring Boot ::                (v2.6.6)

2022-04-10 19:36:39.319  WARN 14948 --- [    Test worker] ory$DuplicateJsonObjectContextCustomizer : 

Found multiple occurrences of org.json.JSONObject on the class path:

	jar:file:/C:/Users/Ana-Vega/.gradle/caches/modules-2/files-2.1/org.json/json/20171018/36ced462c97f0845b4a7b266a25cebe95d18baa3/json-20171018.jar!/org/json/JSONObject.class
	jar:file:/C:/Users/Ana-Vega/.gradle/caches/modules-2/files-2.1/com.vaadin.external.google/android-json/0.0.20131108.vaadin1/fa26d351fe62a6a17f5cda1287c1c6110dec413f/android-json-0.0.20131108.vaadin1.jar!/org/json/JSONObject.class

You may wish to exclude one of them to ensure predictable runtime behavior

2022-04-10 19:36:39.320  INFO 14948 --- [    Test worker] c.m.challmeli.service.InfoIpServiceTest  : Starting InfoIpServiceTest using Java 11.0.13 on AnaVega with PID 14948 (started by Ana-Vega in C:\Desarrollo\challmeli)
2022-04-10 19:36:39.321  INFO 14948 --- [    Test worker] c.m.challmeli.service.InfoIpServiceTest  : No active profile set, falling back to 1 default profile: "default"
2022-04-10 19:36:39.347  INFO 14948 --- [    Test worker] c.m.challmeli.service.InfoIpServiceTest  : Started InfoIpServiceTest in 0.057 seconds (JVM running for 18.441)
]]></system-out>
  <system-err><![CDATA[]]></system-err>
</testsuite>
