<?xml version="1.0" encoding="UTF-8"?>
<testsuite name="com.meli.challmeli.ChallmeliApplicationTests" tests="1" skipped="0" failures="0" errors="0" timestamp="2022-04-11T00:57:38" hostname="ANAVEGA" time="0.012">
  <properties/>
  <testcase name="contextLoads()" classname="com.meli.challmeli.ChallmeliApplicationTests" time="0.012"/>
  <system-out><![CDATA[2022-04-10 19:57:28.120  INFO 18312 --- [    Test worker] .b.t.c.SpringBootTestContextBootstrapper : Neither @ContextConfiguration nor @ContextHierarchy found for test class [com.meli.challmeli.ChallmeliApplicationTests], using SpringBootContextLoader
2022-04-10 19:57:28.122  INFO 18312 --- [    Test worker] o.s.t.c.support.AbstractContextLoader    : Could not detect default resource locations for test class [com.meli.challmeli.ChallmeliApplicationTests]: no resource found for suffixes {-context.xml, Context.groovy}.
2022-04-10 19:57:28.123  INFO 18312 --- [    Test worker] t.c.s.AnnotationConfigContextLoaderUtils : Could not detect default configuration classes for test class [com.meli.challmeli.ChallmeliApplicationTests]: ChallmeliApplicationTests does not declare any static, non-private, non-final, nested classes annotated with @Configuration.
2022-04-10 19:57:28.161  INFO 18312 --- [    Test worker] .b.t.c.SpringBootTestContextBootstrapper : Found @SpringBootConfiguration com.meli.challmeli.ChallmeliApplication for test class com.meli.challmeli.ChallmeliApplicationTests
2022-04-10 19:57:28.167  INFO 18312 --- [    Test worker] .b.t.c.SpringBootTestContextBootstrapper : Loaded default TestExecutionListener class names from location [META-INF/spring.factories]: [org.springframework.boot.test.autoconfigure.restdocs.RestDocsTestExecutionListener, org.springframework.boot.test.autoconfigure.web.client.MockRestServiceServerResetTestExecutionListener, org.springframework.boot.test.autoconfigure.web.servlet.MockMvcPrintOnlyOnFailureTestExecutionListener, org.springframework.boot.test.autoconfigure.web.servlet.WebDriverTestExecutionListener, org.springframework.boot.test.autoconfigure.webservices.client.MockWebServiceServerTestExecutionListener, org.springframework.boot.test.mock.mockito.MockitoTestExecutionListener, org.springframework.boot.test.mock.mockito.ResetMocksTestExecutionListener, org.springframework.test.context.web.ServletTestExecutionListener, org.springframework.test.context.support.DirtiesContextBeforeModesTestExecutionListener, org.springframework.test.context.event.ApplicationEventsTestExecutionListener, org.springframework.test.context.support.DependencyInjectionTestExecutionListener, org.springframework.test.context.support.DirtiesContextTestExecutionListener, org.springframework.test.context.transaction.TransactionalTestExecutionListener, org.springframework.test.context.jdbc.SqlScriptsTestExecutionListener, org.springframework.test.context.event.EventPublishingTestExecutionListener]
2022-04-10 19:57:28.169  INFO 18312 --- [    Test worker] .b.t.c.SpringBootTestContextBootstrapper : Using TestExecutionListeners: [org.springframework.test.context.web.ServletTestExecutionListener@5b2b8d86, org.springframework.test.context.support.DirtiesContextBeforeModesTestExecutionListener@7fef0b40, org.springframework.test.context.event.ApplicationEventsTestExecutionListener@5f395ce1, org.springframework.boot.test.mock.mockito.MockitoTestExecutionListener@19f02280, org.springframework.boot.test.autoconfigure.SpringBootDependencyInjectionTestExecutionListener@1e30db85, org.springframework.test.context.support.DirtiesContextTestExecutionListener@19827608, org.springframework.test.context.transaction.TransactionalTestExecutionListener@cc9ef8d, org.springframework.test.context.jdbc.SqlScriptsTestExecutionListener@14b528b6, org.springframework.test.context.event.EventPublishingTestExecutionListener@c412556, org.springframework.boot.test.autoconfigure.restdocs.RestDocsTestExecutionListener@6f930e0, org.springframework.boot.test.autoconfigure.web.client.MockRestServiceServerResetTestExecutionListener@450f0235, org.springframework.boot.test.autoconfigure.web.servlet.MockMvcPrintOnlyOnFailureTestExecutionListener@78c262ba, org.springframework.boot.test.autoconfigure.web.servlet.WebDriverTestExecutionListener@7d2c9361, org.springframework.boot.test.autoconfigure.webservices.client.MockWebServiceServerTestExecutionListener@329dc214, org.springframework.boot.test.mock.mockito.ResetMocksTestExecutionListener@fbe70d8]

  .   ____          _            __ _ _
 /\\ / ___'_ __ _ _(_)_ __  __ _ \ \ \ \
( ( )\___ | '_ | '_| | '_ \/ _` | \ \ \ \
 \\/  ___)| |_)| | | | | || (_| |  ) ) ) )
  '  |____| .__|_| |_|_| |_\__, | / / / /
 =========|_|==============|___/=/_/_/_/
 :: Spring Boot ::                (v2.6.6)

2022-04-10 19:57:28.272  WARN 18312 --- [    Test worker] ory$DuplicateJsonObjectContextCustomizer : 

Found multiple occurrences of org.json.JSONObject on the class path:

	jar:file:/C:/Users/Ana-Vega/.gradle/caches/modules-2/files-2.1/org.json/json/20171018/36ced462c97f0845b4a7b266a25cebe95d18baa3/json-20171018.jar!/org/json/JSONObject.class
	jar:file:/C:/Users/Ana-Vega/.gradle/caches/modules-2/files-2.1/com.vaadin.external.google/android-json/0.0.20131108.vaadin1/fa26d351fe62a6a17f5cda1287c1c6110dec413f/android-json-0.0.20131108.vaadin1.jar!/org/json/JSONObject.class

You may wish to exclude one of them to ensure predictable runtime behavior

2022-04-10 19:57:28.277  INFO 18312 --- [    Test worker] c.m.challmeli.ChallmeliApplicationTests  : Starting ChallmeliApplicationTests using Java 11.0.13 on AnaVega with PID 18312 (started by Ana-Vega in C:\Desarrollo\challmeli)
2022-04-10 19:57:28.278  INFO 18312 --- [    Test worker] c.m.challmeli.ChallmeliApplicationTests  : No active profile set, falling back to 1 default profile: "default"
2022-04-10 19:57:29.771  INFO 18312 --- [    Test worker] .s.d.r.c.RepositoryConfigurationDelegate : Bootstrapping Spring Data JPA repositories in DEFAULT mode.
2022-04-10 19:57:29.912  INFO 18312 --- [    Test worker] .s.d.r.c.RepositoryConfigurationDelegate : Finished Spring Data repository scanning in 116 ms. Found 2 JPA repository interfaces.
2022-04-10 19:57:30.870  INFO 18312 --- [    Test worker] com.zaxxer.hikari.HikariDataSource       : HikariPool-1 - Starting...
2022-04-10 19:57:31.757  INFO 18312 --- [    Test worker] com.zaxxer.hikari.HikariDataSource       : HikariPool-1 - Start completed.
2022-04-10 19:57:32.290  INFO 18312 --- [    Test worker] o.hibernate.jpa.internal.util.LogHelper  : HHH000204: Processing PersistenceUnitInfo [name: default]
2022-04-10 19:57:32.506  INFO 18312 --- [    Test worker] org.hibernate.Version                    : HHH000412: Hibernate ORM core version 5.6.7.Final
2022-04-10 19:57:32.656  INFO 18312 --- [    Test worker] o.hibernate.annotations.common.Version   : HCANN000001: Hibernate Commons Annotations {5.1.2.Final}
2022-04-10 19:57:33.064  INFO 18312 --- [    Test worker] org.hibernate.dialect.Dialect            : HHH000400: Using dialect: org.hibernate.dialect.H2Dialect
Hibernate: create table data_statistics (id integer not null, average double, cant_invocations integer, max double, min double, primary key (id))
2022-04-10 19:57:34.851  INFO 18312 --- [    Test worker] o.h.e.t.j.p.i.JtaPlatformInitiator       : HHH000490: Using JtaPlatform implementation: [org.hibernate.engine.transaction.jta.platform.internal.NoJtaPlatform]
2022-04-10 19:57:34.875  INFO 18312 --- [    Test worker] j.LocalContainerEntityManagerFactoryBean : Initialized JPA EntityManagerFactory for persistence unit 'default'
2022-04-10 19:57:36.834  WARN 18312 --- [    Test worker] JpaBaseConfiguration$JpaWebConfiguration : spring.jpa.open-in-view is enabled by default. Therefore, database queries may be performed during view rendering. Explicitly configure spring.jpa.open-in-view to disable this warning
2022-04-10 19:57:37.820  INFO 18312 --- [    Test worker] o.s.b.a.w.s.WelcomePageHandlerMapping    : Adding welcome page template: index
2022-04-10 19:57:38.862  INFO 18312 --- [    Test worker] c.m.challmeli.ChallmeliApplicationTests  : Started ChallmeliApplicationTests in 10.684 seconds (JVM running for 18.402)
]]></system-out>
  <system-err><![CDATA[]]></system-err>
</testsuite>
